Started GET "/" for ::1 at 2024-12-06 14:37:08 -0800
  
ActiveRecord::ConnectionNotEstablished (connection to server at "localhost" (::1), port 5432 failed: fe_sendauth: no password supplied
)
Caused by: PG::ConnectionBad (connection to server at "localhost" (::1), port 5432 failed: fe_sendauth: no password supplied
)

Information for: ActiveRecord::ConnectionNotEstablished (connection to server at "localhost" (::1), port 5432 failed: fe_sendauth: no password supplied
):
  
activerecord (8.0.0) lib/active_record/connection_adapters/postgresql_adapter.rb:69:in `rescue in new_client'
activerecord (8.0.0) lib/active_record/connection_adapters/postgresql_adapter.rb:57:in `new_client'
activerecord (8.0.0) lib/active_record/connection_adapters/postgresql_adapter.rb:934:in `connect'
activerecord (8.0.0) lib/active_record/connection_adapters/postgresql_adapter.rb:946:in `reconnect'
activerecord (8.0.0) lib/active_record/connection_adapters/abstract_adapter.rb:669:in `block in reconnect!'
activesupport (8.0.0) lib/active_support/concurrency/null_lock.rb:9:in `synchronize'
activerecord (8.0.0) lib/active_record/connection_adapters/abstract_adapter.rb:668:in `reconnect!'
activerecord (8.0.0) lib/active_record/connection_adapters/abstract_adapter.rb:770:in `block in verify!'
activesupport (8.0.0) lib/active_support/concurrency/null_lock.rb:9:in `synchronize'
activerecord (8.0.0) lib/active_record/connection_adapters/abstract_adapter.rb:761:in `verify!'
activerecord (8.0.0) lib/active_record/connection_adapters/abstract_adapter.rb:778:in `connect!'
activerecord (8.0.0) lib/active_record/connection_adapters/abstract_adapter.rb:984:in `block in with_raw_connection'
activesupport (8.0.0) lib/active_support/concurrency/null_lock.rb:9:in `synchronize'
activerecord (8.0.0) lib/active_record/connection_adapters/abstract_adapter.rb:983:in `with_raw_connection'
activerecord (8.0.0) lib/active_record/connection_adapters/postgresql/quoting.rb:128:in `quote_string'
activerecord (8.0.0) lib/active_record/connection_adapters/abstract/quoting.rb:76:in `quote'
activerecord (8.0.0) lib/active_record/connection_adapters/postgresql/quoting.rb:122:in `quote'
activerecord (8.0.0) lib/active_record/connection_adapters/postgresql/schema_statements.rb:1142:in `quoted_scope'
activerecord (8.0.0) lib/active_record/connection_adapters/postgresql/schema_statements.rb:1119:in `data_source_sql'
activerecord (8.0.0) lib/active_record/connection_adapters/abstract/schema_statements.rb:60:in `table_exists?'
activerecord (8.0.0) lib/active_record/schema_migration.rb:55:in `block in create_table'
activerecord (8.0.0) lib/active_record/connection_adapters/abstract/connection_pool.rb:412:in `with_connection'
activerecord (8.0.0) lib/active_record/schema_migration.rb:54:in `create_table'
activerecord (8.0.0) lib/active_record/migration.rb:1431:in `initialize'
activerecord (8.0.0) lib/active_record/migration.rb:1279:in `new'
activerecord (8.0.0) lib/active_record/migration.rb:1279:in `open'
activerecord (8.0.0) lib/active_record/migration.rb:763:in `block (2 levels) in pending_migrations'
activerecord (8.0.0) lib/active_record/migration/pending_migration_connection.rb:8:in `with_temporary_pool'
activerecord (8.0.0) lib/active_record/migration.rb:762:in `block in pending_migrations'
activerecord (8.0.0) lib/active_record/migration.rb:761:in `each'
activerecord (8.0.0) lib/active_record/migration.rb:761:in `pending_migrations'
activerecord (8.0.0) lib/active_record/migration.rb:740:in `check_pending_migrations'
activerecord (8.0.0) lib/active_record/migration.rb:660:in `block (2 levels) in call'
activesupport (8.0.0) lib/active_support/file_update_checker.rb:85:in `execute'
activerecord (8.0.0) lib/active_record/migration.rb:665:in `block in call'
activerecord (8.0.0) lib/active_record/migration.rb:657:in `synchronize'
activerecord (8.0.0) lib/active_record/migration.rb:657:in `call'
actionpack (8.0.0) lib/action_dispatch/middleware/callbacks.rb:31:in `block in call'
activesupport (8.0.0) lib/active_support/callbacks.rb:100:in `run_callbacks'
actionpack (8.0.0) lib/action_dispatch/middleware/callbacks.rb:30:in `call'
actionpack (8.0.0) lib/action_dispatch/middleware/executor.rb:16:in `call'
actionpack (8.0.0) lib/action_dispatch/middleware/actionable_exceptions.rb:18:in `call'
actionpack (8.0.0) lib/action_dispatch/middleware/debug_exceptions.rb:31:in `call'
web-console (4.2.1) lib/web_console/middleware.rb:132:in `call_app'
web-console (4.2.1) lib/web_console/middleware.rb:28:in `block in call'
web-console (4.2.1) lib/web_console/middleware.rb:17:in `catch'
web-console (4.2.1) lib/web_console/middleware.rb:17:in `call'
actionpack (8.0.0) lib/action_dispatch/middleware/show_exceptions.rb:32:in `call'
railties (8.0.0) lib/rails/rack/logger.rb:41:in `call_app'
railties (8.0.0) lib/rails/rack/logger.rb:29:in `call'
actionpack (8.0.0) lib/action_dispatch/middleware/remote_ip.rb:96:in `call'
actionpack (8.0.0) lib/action_dispatch/middleware/request_id.rb:34:in `call'
rack (3.1.8) lib/rack/method_override.rb:28:in `call'
rack (3.1.8) lib/rack/runtime.rb:24:in `call'
actionpack (8.0.0) lib/action_dispatch/middleware/server_timing.rb:61:in `block in call'
actionpack (8.0.0) lib/action_dispatch/middleware/server_timing.rb:26:in `collect_events'
actionpack (8.0.0) lib/action_dispatch/middleware/server_timing.rb:60:in `call'
actionpack (8.0.0) lib/action_dispatch/middleware/executor.rb:16:in `call'
actionpack (8.0.0) lib/action_dispatch/middleware/static.rb:27:in `call'
rack (3.1.8) lib/rack/sendfile.rb:114:in `call'
actionpack (8.0.0) lib/action_dispatch/middleware/host_authorization.rb:143:in `call'
railties (8.0.0) lib/rails/engine.rb:535:in `call'
puma (6.5.0) lib/puma/configuration.rb:279:in `call'
puma (6.5.0) lib/puma/request.rb:99:in `block in handle_request'
puma (6.5.0) lib/puma/thread_pool.rb:389:in `with_force_shutdown'
puma (6.5.0) lib/puma/request.rb:98:in `handle_request'
puma (6.5.0) lib/puma/server.rb:468:in `process_client'
puma (6.5.0) lib/puma/server.rb:249:in `block in run'
puma (6.5.0) lib/puma/thread_pool.rb:166:in `block in spawn_thread'

Information for cause: PG::ConnectionBad (connection to server at "localhost" (::1), port 5432 failed: fe_sendauth: no password supplied
):
  
pg-1.5.9-x64-mingw (ucrt) lib/pg/connection.rb:709:in `async_connect_or_reset'
pg-1.5.9-x64-mingw (ucrt) lib/pg/connection.rb:844:in `connect_to_hosts'
pg-1.5.9-x64-mingw (ucrt) lib/pg/connection.rb:772:in `new'
pg-1.5.9-x64-mingw (ucrt) lib/pg.rb:63:in `connect'
activerecord (8.0.0) lib/active_record/connection_adapters/postgresql_adapter.rb:58:in `new_client'
activerecord (8.0.0) lib/active_record/connection_adapters/postgresql_adapter.rb:934:in `connect'
activerecord (8.0.0) lib/active_record/connection_adapters/postgresql_adapter.rb:946:in `reconnect'
activerecord (8.0.0) lib/active_record/connection_adapters/abstract_adapter.rb:669:in `block in reconnect!'
activesupport (8.0.0) lib/active_support/concurrency/null_lock.rb:9:in `synchronize'
activerecord (8.0.0) lib/active_record/connection_adapters/abstract_adapter.rb:668:in `reconnect!'
activerecord (8.0.0) lib/active_record/connection_adapters/abstract_adapter.rb:770:in `block in verify!'
activesupport (8.0.0) lib/active_support/concurrency/null_lock.rb:9:in `synchronize'
activerecord (8.0.0) lib/active_record/connection_adapters/abstract_adapter.rb:761:in `verify!'
activerecord (8.0.0) lib/active_record/connection_adapters/abstract_adapter.rb:778:in `connect!'
activerecord (8.0.0) lib/active_record/connection_adapters/abstract_adapter.rb:984:in `block in with_raw_connection'
activesupport (8.0.0) lib/active_support/concurrency/null_lock.rb:9:in `synchronize'
activerecord (8.0.0) lib/active_record/connection_adapters/abstract_adapter.rb:983:in `with_raw_connection'
activerecord (8.0.0) lib/active_record/connection_adapters/postgresql/quoting.rb:128:in `quote_string'
activerecord (8.0.0) lib/active_record/connection_adapters/abstract/quoting.rb:76:in `quote'
activerecord (8.0.0) lib/active_record/connection_adapters/postgresql/quoting.rb:122:in `quote'
activerecord (8.0.0) lib/active_record/connection_adapters/postgresql/schema_statements.rb:1142:in `quoted_scope'
activerecord (8.0.0) lib/active_record/connection_adapters/postgresql/schema_statements.rb:1119:in `data_source_sql'
activerecord (8.0.0) lib/active_record/connection_adapters/abstract/schema_statements.rb:60:in `table_exists?'
activerecord (8.0.0) lib/active_record/schema_migration.rb:55:in `block in create_table'
activerecord (8.0.0) lib/active_record/connection_adapters/abstract/connection_pool.rb:412:in `with_connection'
activerecord (8.0.0) lib/active_record/schema_migration.rb:54:in `create_table'
activerecord (8.0.0) lib/active_record/migration.rb:1431:in `initialize'
activerecord (8.0.0) lib/active_record/migration.rb:1279:in `new'
activerecord (8.0.0) lib/active_record/migration.rb:1279:in `open'
activerecord (8.0.0) lib/active_record/migration.rb:763:in `block (2 levels) in pending_migrations'
activerecord (8.0.0) lib/active_record/migration/pending_migration_connection.rb:8:in `with_temporary_pool'
activerecord (8.0.0) lib/active_record/migration.rb:762:in `block in pending_migrations'
activerecord (8.0.0) lib/active_record/migration.rb:761:in `each'
activerecord (8.0.0) lib/active_record/migration.rb:761:in `pending_migrations'
activerecord (8.0.0) lib/active_record/migration.rb:740:in `check_pending_migrations'
activerecord (8.0.0) lib/active_record/migration.rb:660:in `block (2 levels) in call'
activesupport (8.0.0) lib/active_support/file_update_checker.rb:85:in `execute'
activerecord (8.0.0) lib/active_record/migration.rb:665:in `block in call'
activerecord (8.0.0) lib/active_record/migration.rb:657:in `synchronize'
activerecord (8.0.0) lib/active_record/migration.rb:657:in `call'
actionpack (8.0.0) lib/action_dispatch/middleware/callbacks.rb:31:in `block in call'
activesupport (8.0.0) lib/active_support/callbacks.rb:100:in `run_callbacks'
actionpack (8.0.0) lib/action_dispatch/middleware/callbacks.rb:30:in `call'
actionpack (8.0.0) lib/action_dispatch/middleware/executor.rb:16:in `call'
actionpack (8.0.0) lib/action_dispatch/middleware/actionable_exceptions.rb:18:in `call'
actionpack (8.0.0) lib/action_dispatch/middleware/debug_exceptions.rb:31:in `call'
web-console (4.2.1) lib/web_console/middleware.rb:132:in `call_app'
web-console (4.2.1) lib/web_console/middleware.rb:28:in `block in call'
web-console (4.2.1) lib/web_console/middleware.rb:17:in `catch'
web-console (4.2.1) lib/web_console/middleware.rb:17:in `call'
actionpack (8.0.0) lib/action_dispatch/middleware/show_exceptions.rb:32:in `call'
railties (8.0.0) lib/rails/rack/logger.rb:41:in `call_app'
railties (8.0.0) lib/rails/rack/logger.rb:29:in `call'
actionpack (8.0.0) lib/action_dispatch/middleware/remote_ip.rb:96:in `call'
actionpack (8.0.0) lib/action_dispatch/middleware/request_id.rb:34:in `call'
rack (3.1.8) lib/rack/method_override.rb:28:in `call'
rack (3.1.8) lib/rack/runtime.rb:24:in `call'
actionpack (8.0.0) lib/action_dispatch/middleware/server_timing.rb:61:in `block in call'
actionpack (8.0.0) lib/action_dispatch/middleware/server_timing.rb:26:in `collect_events'
actionpack (8.0.0) lib/action_dispatch/middleware/server_timing.rb:60:in `call'
actionpack (8.0.0) lib/action_dispatch/middleware/executor.rb:16:in `call'
actionpack (8.0.0) lib/action_dispatch/middleware/static.rb:27:in `call'
rack (3.1.8) lib/rack/sendfile.rb:114:in `call'
actionpack (8.0.0) lib/action_dispatch/middleware/host_authorization.rb:143:in `call'
railties (8.0.0) lib/rails/engine.rb:535:in `call'
puma (6.5.0) lib/puma/configuration.rb:279:in `call'
puma (6.5.0) lib/puma/request.rb:99:in `block in handle_request'
puma (6.5.0) lib/puma/thread_pool.rb:389:in `with_force_shutdown'
puma (6.5.0) lib/puma/request.rb:98:in `handle_request'
puma (6.5.0) lib/puma/server.rb:468:in `process_client'
puma (6.5.0) lib/puma/server.rb:249:in `block in run'
puma (6.5.0) lib/puma/thread_pool.rb:166:in `block in spawn_thread'
Started GET "/favicon.ico" for ::1 at 2024-12-06 14:37:10 -0800
  
ActiveRecord::ConnectionNotEstablished (connection to server at "localhost" (::1), port 5432 failed: fe_sendauth: no password supplied
)
Caused by: PG::ConnectionBad (connection to server at "localhost" (::1), port 5432 failed: fe_sendauth: no password supplied
)

Information for: ActiveRecord::ConnectionNotEstablished (connection to server at "localhost" (::1), port 5432 failed: fe_sendauth: no password supplied
):
  
activerecord (8.0.0) lib/active_record/connection_adapters/postgresql_adapter.rb:69:in `rescue in new_client'
activerecord (8.0.0) lib/active_record/connection_adapters/postgresql_adapter.rb:57:in `new_client'
activerecord (8.0.0) lib/active_record/connection_adapters/postgresql_adapter.rb:934:in `connect'
activerecord (8.0.0) lib/active_record/connection_adapters/postgresql_adapter.rb:946:in `reconnect'
activerecord (8.0.0) lib/active_record/connection_adapters/abstract_adapter.rb:669:in `block in reconnect!'
activesupport (8.0.0) lib/active_support/concurrency/null_lock.rb:9:in `synchronize'
activerecord (8.0.0) lib/active_record/connection_adapters/abstract_adapter.rb:668:in `reconnect!'
activerecord (8.0.0) lib/active_record/connection_adapters/abstract_adapter.rb:770:in `block in verify!'
activesupport (8.0.0) lib/active_support/concurrency/null_lock.rb:9:in `synchronize'
activerecord (8.0.0) lib/active_record/connection_adapters/abstract_adapter.rb:761:in `verify!'
activerecord (8.0.0) lib/active_record/connection_adapters/abstract_adapter.rb:778:in `connect!'
activerecord (8.0.0) lib/active_record/connection_adapters/abstract_adapter.rb:984:in `block in with_raw_connection'
activesupport (8.0.0) lib/active_support/concurrency/null_lock.rb:9:in `synchronize'
activerecord (8.0.0) lib/active_record/connection_adapters/abstract_adapter.rb:983:in `with_raw_connection'
activerecord (8.0.0) lib/active_record/connection_adapters/postgresql/quoting.rb:128:in `quote_string'
activerecord (8.0.0) lib/active_record/connection_adapters/abstract/quoting.rb:76:in `quote'
activerecord (8.0.0) lib/active_record/connection_adapters/postgresql/quoting.rb:122:in `quote'
activerecord (8.0.0) lib/active_record/connection_adapters/postgresql/schema_statements.rb:1142:in `quoted_scope'
activerecord (8.0.0) lib/active_record/connection_adapters/postgresql/schema_statements.rb:1119:in `data_source_sql'
activerecord (8.0.0) lib/active_record/connection_adapters/abstract/schema_statements.rb:60:in `table_exists?'
activerecord (8.0.0) lib/active_record/schema_migration.rb:55:in `block in create_table'
activerecord (8.0.0) lib/active_record/connection_adapters/abstract/connection_pool.rb:412:in `with_connection'
activerecord (8.0.0) lib/active_record/schema_migration.rb:54:in `create_table'
activerecord (8.0.0) lib/active_record/migration.rb:1431:in `initialize'
activerecord (8.0.0) lib/active_record/migration.rb:1279:in `new'
activerecord (8.0.0) lib/active_record/migration.rb:1279:in `open'
activerecord (8.0.0) lib/active_record/migration.rb:763:in `block (2 levels) in pending_migrations'
activerecord (8.0.0) lib/active_record/migration/pending_migration_connection.rb:8:in `with_temporary_pool'
activerecord (8.0.0) lib/active_record/migration.rb:762:in `block in pending_migrations'
activerecord (8.0.0) lib/active_record/migration.rb:761:in `each'
activerecord (8.0.0) lib/active_record/migration.rb:761:in `pending_migrations'
activerecord (8.0.0) lib/active_record/migration.rb:740:in `check_pending_migrations'
activerecord (8.0.0) lib/active_record/migration.rb:660:in `block (2 levels) in call'
activesupport (8.0.0) lib/active_support/file_update_checker.rb:85:in `execute'
activerecord (8.0.0) lib/active_record/migration.rb:665:in `block in call'
activerecord (8.0.0) lib/active_record/migration.rb:657:in `synchronize'
activerecord (8.0.0) lib/active_record/migration.rb:657:in `call'
actionpack (8.0.0) lib/action_dispatch/middleware/callbacks.rb:31:in `block in call'
activesupport (8.0.0) lib/active_support/callbacks.rb:100:in `run_callbacks'
actionpack (8.0.0) lib/action_dispatch/middleware/callbacks.rb:30:in `call'
actionpack (8.0.0) lib/action_dispatch/middleware/executor.rb:16:in `call'
actionpack (8.0.0) lib/action_dispatch/middleware/actionable_exceptions.rb:18:in `call'
actionpack (8.0.0) lib/action_dispatch/middleware/debug_exceptions.rb:31:in `call'
web-console (4.2.1) lib/web_console/middleware.rb:132:in `call_app'
web-console (4.2.1) lib/web_console/middleware.rb:28:in `block in call'
web-console (4.2.1) lib/web_console/middleware.rb:17:in `catch'
web-console (4.2.1) lib/web_console/middleware.rb:17:in `call'
actionpack (8.0.0) lib/action_dispatch/middleware/show_exceptions.rb:32:in `call'
railties (8.0.0) lib/rails/rack/logger.rb:41:in `call_app'
railties (8.0.0) lib/rails/rack/logger.rb:29:in `call'
actionpack (8.0.0) lib/action_dispatch/middleware/remote_ip.rb:96:in `call'
actionpack (8.0.0) lib/action_dispatch/middleware/request_id.rb:34:in `call'
rack (3.1.8) lib/rack/method_override.rb:28:in `call'
rack (3.1.8) lib/rack/runtime.rb:24:in `call'
actionpack (8.0.0) lib/action_dispatch/middleware/server_timing.rb:61:in `block in call'
actionpack (8.0.0) lib/action_dispatch/middleware/server_timing.rb:26:in `collect_events'
actionpack (8.0.0) lib/action_dispatch/middleware/server_timing.rb:60:in `call'
actionpack (8.0.0) lib/action_dispatch/middleware/executor.rb:16:in `call'
actionpack (8.0.0) lib/action_dispatch/middleware/static.rb:27:in `call'
rack (3.1.8) lib/rack/sendfile.rb:114:in `call'
actionpack (8.0.0) lib/action_dispatch/middleware/host_authorization.rb:143:in `call'
railties (8.0.0) lib/rails/engine.rb:535:in `call'
puma (6.5.0) lib/puma/configuration.rb:279:in `call'
puma (6.5.0) lib/puma/request.rb:99:in `block in handle_request'
puma (6.5.0) lib/puma/thread_pool.rb:389:in `with_force_shutdown'
puma (6.5.0) lib/puma/request.rb:98:in `handle_request'
puma (6.5.0) lib/puma/server.rb:468:in `process_client'
puma (6.5.0) lib/puma/server.rb:249:in `block in run'
puma (6.5.0) lib/puma/thread_pool.rb:166:in `block in spawn_thread'

Information for cause: PG::ConnectionBad (connection to server at "localhost" (::1), port 5432 failed: fe_sendauth: no password supplied
):
  
pg-1.5.9-x64-mingw (ucrt) lib/pg/connection.rb:709:in `async_connect_or_reset'
pg-1.5.9-x64-mingw (ucrt) lib/pg/connection.rb:844:in `connect_to_hosts'
pg-1.5.9-x64-mingw (ucrt) lib/pg/connection.rb:772:in `new'
pg-1.5.9-x64-mingw (ucrt) lib/pg.rb:63:in `connect'
activerecord (8.0.0) lib/active_record/connection_adapters/postgresql_adapter.rb:58:in `new_client'
activerecord (8.0.0) lib/active_record/connection_adapters/postgresql_adapter.rb:934:in `connect'
activerecord (8.0.0) lib/active_record/connection_adapters/postgresql_adapter.rb:946:in `reconnect'
activerecord (8.0.0) lib/active_record/connection_adapters/abstract_adapter.rb:669:in `block in reconnect!'
activesupport (8.0.0) lib/active_support/concurrency/null_lock.rb:9:in `synchronize'
activerecord (8.0.0) lib/active_record/connection_adapters/abstract_adapter.rb:668:in `reconnect!'
activerecord (8.0.0) lib/active_record/connection_adapters/abstract_adapter.rb:770:in `block in verify!'
activesupport (8.0.0) lib/active_support/concurrency/null_lock.rb:9:in `synchronize'
activerecord (8.0.0) lib/active_record/connection_adapters/abstract_adapter.rb:761:in `verify!'
activerecord (8.0.0) lib/active_record/connection_adapters/abstract_adapter.rb:778:in `connect!'
activerecord (8.0.0) lib/active_record/connection_adapters/abstract_adapter.rb:984:in `block in with_raw_connection'
activesupport (8.0.0) lib/active_support/concurrency/null_lock.rb:9:in `synchronize'
activerecord (8.0.0) lib/active_record/connection_adapters/abstract_adapter.rb:983:in `with_raw_connection'
activerecord (8.0.0) lib/active_record/connection_adapters/postgresql/quoting.rb:128:in `quote_string'
activerecord (8.0.0) lib/active_record/connection_adapters/abstract/quoting.rb:76:in `quote'
activerecord (8.0.0) lib/active_record/connection_adapters/postgresql/quoting.rb:122:in `quote'
activerecord (8.0.0) lib/active_record/connection_adapters/postgresql/schema_statements.rb:1142:in `quoted_scope'
activerecord (8.0.0) lib/active_record/connection_adapters/postgresql/schema_statements.rb:1119:in `data_source_sql'
activerecord (8.0.0) lib/active_record/connection_adapters/abstract/schema_statements.rb:60:in `table_exists?'
activerecord (8.0.0) lib/active_record/schema_migration.rb:55:in `block in create_table'
activerecord (8.0.0) lib/active_record/connection_adapters/abstract/connection_pool.rb:412:in `with_connection'
activerecord (8.0.0) lib/active_record/schema_migration.rb:54:in `create_table'
activerecord (8.0.0) lib/active_record/migration.rb:1431:in `initialize'
activerecord (8.0.0) lib/active_record/migration.rb:1279:in `new'
activerecord (8.0.0) lib/active_record/migration.rb:1279:in `open'
activerecord (8.0.0) lib/active_record/migration.rb:763:in `block (2 levels) in pending_migrations'
activerecord (8.0.0) lib/active_record/migration/pending_migration_connection.rb:8:in `with_temporary_pool'
activerecord (8.0.0) lib/active_record/migration.rb:762:in `block in pending_migrations'
activerecord (8.0.0) lib/active_record/migration.rb:761:in `each'
activerecord (8.0.0) lib/active_record/migration.rb:761:in `pending_migrations'
activerecord (8.0.0) lib/active_record/migration.rb:740:in `check_pending_migrations'
activerecord (8.0.0) lib/active_record/migration.rb:660:in `block (2 levels) in call'
activesupport (8.0.0) lib/active_support/file_update_checker.rb:85:in `execute'
activerecord (8.0.0) lib/active_record/migration.rb:665:in `block in call'
activerecord (8.0.0) lib/active_record/migration.rb:657:in `synchronize'
activerecord (8.0.0) lib/active_record/migration.rb:657:in `call'
actionpack (8.0.0) lib/action_dispatch/middleware/callbacks.rb:31:in `block in call'
activesupport (8.0.0) lib/active_support/callbacks.rb:100:in `run_callbacks'
actionpack (8.0.0) lib/action_dispatch/middleware/callbacks.rb:30:in `call'
actionpack (8.0.0) lib/action_dispatch/middleware/executor.rb:16:in `call'
actionpack (8.0.0) lib/action_dispatch/middleware/actionable_exceptions.rb:18:in `call'
actionpack (8.0.0) lib/action_dispatch/middleware/debug_exceptions.rb:31:in `call'
web-console (4.2.1) lib/web_console/middleware.rb:132:in `call_app'
web-console (4.2.1) lib/web_console/middleware.rb:28:in `block in call'
web-console (4.2.1) lib/web_console/middleware.rb:17:in `catch'
web-console (4.2.1) lib/web_console/middleware.rb:17:in `call'
actionpack (8.0.0) lib/action_dispatch/middleware/show_exceptions.rb:32:in `call'
railties (8.0.0) lib/rails/rack/logger.rb:41:in `call_app'
railties (8.0.0) lib/rails/rack/logger.rb:29:in `call'
actionpack (8.0.0) lib/action_dispatch/middleware/remote_ip.rb:96:in `call'
actionpack (8.0.0) lib/action_dispatch/middleware/request_id.rb:34:in `call'
rack (3.1.8) lib/rack/method_override.rb:28:in `call'
rack (3.1.8) lib/rack/runtime.rb:24:in `call'
actionpack (8.0.0) lib/action_dispatch/middleware/server_timing.rb:61:in `block in call'
actionpack (8.0.0) lib/action_dispatch/middleware/server_timing.rb:26:in `collect_events'
actionpack (8.0.0) lib/action_dispatch/middleware/server_timing.rb:60:in `call'
actionpack (8.0.0) lib/action_dispatch/middleware/executor.rb:16:in `call'
actionpack (8.0.0) lib/action_dispatch/middleware/static.rb:27:in `call'
rack (3.1.8) lib/rack/sendfile.rb:114:in `call'
actionpack (8.0.0) lib/action_dispatch/middleware/host_authorization.rb:143:in `call'
railties (8.0.0) lib/rails/engine.rb:535:in `call'
puma (6.5.0) lib/puma/configuration.rb:279:in `call'
puma (6.5.0) lib/puma/request.rb:99:in `block in handle_request'
puma (6.5.0) lib/puma/thread_pool.rb:389:in `with_force_shutdown'
puma (6.5.0) lib/puma/request.rb:98:in `handle_request'
puma (6.5.0) lib/puma/server.rb:468:in `process_client'
puma (6.5.0) lib/puma/server.rb:249:in `block in run'
puma (6.5.0) lib/puma/thread_pool.rb:166:in `block in spawn_thread'
Started GET "/" for ::1 at 2024-12-06 14:39:00 -0800
  
ActiveRecord::ConnectionNotEstablished (connection to server at "localhost" (::1), port 5432 failed: fe_sendauth: no password supplied
)
Caused by: PG::ConnectionBad (connection to server at "localhost" (::1), port 5432 failed: fe_sendauth: no password supplied
)

Information for: ActiveRecord::ConnectionNotEstablished (connection to server at "localhost" (::1), port 5432 failed: fe_sendauth: no password supplied
):
  
activerecord (8.0.0) lib/active_record/connection_adapters/postgresql_adapter.rb:69:in `rescue in new_client'
activerecord (8.0.0) lib/active_record/connection_adapters/postgresql_adapter.rb:57:in `new_client'
activerecord (8.0.0) lib/active_record/connection_adapters/postgresql_adapter.rb:934:in `connect'
activerecord (8.0.0) lib/active_record/connection_adapters/postgresql_adapter.rb:946:in `reconnect'
activerecord (8.0.0) lib/active_record/connection_adapters/abstract_adapter.rb:669:in `block in reconnect!'
activesupport (8.0.0) lib/active_support/concurrency/null_lock.rb:9:in `synchronize'
activerecord (8.0.0) lib/active_record/connection_adapters/abstract_adapter.rb:668:in `reconnect!'
activerecord (8.0.0) lib/active_record/connection_adapters/abstract_adapter.rb:770:in `block in verify!'
activesupport (8.0.0) lib/active_support/concurrency/null_lock.rb:9:in `synchronize'
activerecord (8.0.0) lib/active_record/connection_adapters/abstract_adapter.rb:761:in `verify!'
activerecord (8.0.0) lib/active_record/connection_adapters/abstract_adapter.rb:778:in `connect!'
activerecord (8.0.0) lib/active_record/connection_adapters/abstract_adapter.rb:984:in `block in with_raw_connection'
activesupport (8.0.0) lib/active_support/concurrency/null_lock.rb:9:in `synchronize'
activerecord (8.0.0) lib/active_record/connection_adapters/abstract_adapter.rb:983:in `with_raw_connection'
activerecord (8.0.0) lib/active_record/connection_adapters/postgresql/quoting.rb:128:in `quote_string'
activerecord (8.0.0) lib/active_record/connection_adapters/abstract/quoting.rb:76:in `quote'
activerecord (8.0.0) lib/active_record/connection_adapters/postgresql/quoting.rb:122:in `quote'
activerecord (8.0.0) lib/active_record/connection_adapters/postgresql/schema_statements.rb:1142:in `quoted_scope'
activerecord (8.0.0) lib/active_record/connection_adapters/postgresql/schema_statements.rb:1119:in `data_source_sql'
activerecord (8.0.0) lib/active_record/connection_adapters/abstract/schema_statements.rb:60:in `table_exists?'
activerecord (8.0.0) lib/active_record/schema_migration.rb:55:in `block in create_table'
activerecord (8.0.0) lib/active_record/connection_adapters/abstract/connection_pool.rb:412:in `with_connection'
activerecord (8.0.0) lib/active_record/schema_migration.rb:54:in `create_table'
activerecord (8.0.0) lib/active_record/migration.rb:1431:in `initialize'
activerecord (8.0.0) lib/active_record/migration.rb:1279:in `new'
activerecord (8.0.0) lib/active_record/migration.rb:1279:in `open'
activerecord (8.0.0) lib/active_record/migration.rb:763:in `block (2 levels) in pending_migrations'
activerecord (8.0.0) lib/active_record/migration/pending_migration_connection.rb:8:in `with_temporary_pool'
activerecord (8.0.0) lib/active_record/migration.rb:762:in `block in pending_migrations'
activerecord (8.0.0) lib/active_record/migration.rb:761:in `each'
activerecord (8.0.0) lib/active_record/migration.rb:761:in `pending_migrations'
activerecord (8.0.0) lib/active_record/migration.rb:740:in `check_pending_migrations'
activerecord (8.0.0) lib/active_record/migration.rb:660:in `block (2 levels) in call'
activesupport (8.0.0) lib/active_support/file_update_checker.rb:85:in `execute'
activerecord (8.0.0) lib/active_record/migration.rb:665:in `block in call'
activerecord (8.0.0) lib/active_record/migration.rb:657:in `synchronize'
activerecord (8.0.0) lib/active_record/migration.rb:657:in `call'
actionpack (8.0.0) lib/action_dispatch/middleware/callbacks.rb:31:in `block in call'
activesupport (8.0.0) lib/active_support/callbacks.rb:100:in `run_callbacks'
actionpack (8.0.0) lib/action_dispatch/middleware/callbacks.rb:30:in `call'
actionpack (8.0.0) lib/action_dispatch/middleware/executor.rb:16:in `call'
actionpack (8.0.0) lib/action_dispatch/middleware/actionable_exceptions.rb:18:in `call'
actionpack (8.0.0) lib/action_dispatch/middleware/debug_exceptions.rb:31:in `call'
web-console (4.2.1) lib/web_console/middleware.rb:132:in `call_app'
web-console (4.2.1) lib/web_console/middleware.rb:28:in `block in call'
web-console (4.2.1) lib/web_console/middleware.rb:17:in `catch'
web-console (4.2.1) lib/web_console/middleware.rb:17:in `call'
actionpack (8.0.0) lib/action_dispatch/middleware/show_exceptions.rb:32:in `call'
railties (8.0.0) lib/rails/rack/logger.rb:41:in `call_app'
railties (8.0.0) lib/rails/rack/logger.rb:29:in `call'
actionpack (8.0.0) lib/action_dispatch/middleware/remote_ip.rb:96:in `call'
actionpack (8.0.0) lib/action_dispatch/middleware/request_id.rb:34:in `call'
rack (3.1.8) lib/rack/method_override.rb:28:in `call'
rack (3.1.8) lib/rack/runtime.rb:24:in `call'
actionpack (8.0.0) lib/action_dispatch/middleware/server_timing.rb:61:in `block in call'
actionpack (8.0.0) lib/action_dispatch/middleware/server_timing.rb:26:in `collect_events'
actionpack (8.0.0) lib/action_dispatch/middleware/server_timing.rb:60:in `call'
actionpack (8.0.0) lib/action_dispatch/middleware/executor.rb:16:in `call'
actionpack (8.0.0) lib/action_dispatch/middleware/static.rb:27:in `call'
rack (3.1.8) lib/rack/sendfile.rb:114:in `call'
actionpack (8.0.0) lib/action_dispatch/middleware/host_authorization.rb:143:in `call'
railties (8.0.0) lib/rails/engine.rb:535:in `call'
puma (6.5.0) lib/puma/configuration.rb:279:in `call'
puma (6.5.0) lib/puma/request.rb:99:in `block in handle_request'
puma (6.5.0) lib/puma/thread_pool.rb:389:in `with_force_shutdown'
puma (6.5.0) lib/puma/request.rb:98:in `handle_request'
puma (6.5.0) lib/puma/server.rb:468:in `process_client'
puma (6.5.0) lib/puma/server.rb:249:in `block in run'
puma (6.5.0) lib/puma/thread_pool.rb:166:in `block in spawn_thread'

Information for cause: PG::ConnectionBad (connection to server at "localhost" (::1), port 5432 failed: fe_sendauth: no password supplied
):
  
pg-1.5.9-x64-mingw (ucrt) lib/pg/connection.rb:709:in `async_connect_or_reset'
pg-1.5.9-x64-mingw (ucrt) lib/pg/connection.rb:844:in `connect_to_hosts'
pg-1.5.9-x64-mingw (ucrt) lib/pg/connection.rb:772:in `new'
pg-1.5.9-x64-mingw (ucrt) lib/pg.rb:63:in `connect'
activerecord (8.0.0) lib/active_record/connection_adapters/postgresql_adapter.rb:58:in `new_client'
activerecord (8.0.0) lib/active_record/connection_adapters/postgresql_adapter.rb:934:in `connect'
activerecord (8.0.0) lib/active_record/connection_adapters/postgresql_adapter.rb:946:in `reconnect'
activerecord (8.0.0) lib/active_record/connection_adapters/abstract_adapter.rb:669:in `block in reconnect!'
activesupport (8.0.0) lib/active_support/concurrency/null_lock.rb:9:in `synchronize'
activerecord (8.0.0) lib/active_record/connection_adapters/abstract_adapter.rb:668:in `reconnect!'
activerecord (8.0.0) lib/active_record/connection_adapters/abstract_adapter.rb:770:in `block in verify!'
activesupport (8.0.0) lib/active_support/concurrency/null_lock.rb:9:in `synchronize'
activerecord (8.0.0) lib/active_record/connection_adapters/abstract_adapter.rb:761:in `verify!'
activerecord (8.0.0) lib/active_record/connection_adapters/abstract_adapter.rb:778:in `connect!'
activerecord (8.0.0) lib/active_record/connection_adapters/abstract_adapter.rb:984:in `block in with_raw_connection'
activesupport (8.0.0) lib/active_support/concurrency/null_lock.rb:9:in `synchronize'
activerecord (8.0.0) lib/active_record/connection_adapters/abstract_adapter.rb:983:in `with_raw_connection'
activerecord (8.0.0) lib/active_record/connection_adapters/postgresql/quoting.rb:128:in `quote_string'
activerecord (8.0.0) lib/active_record/connection_adapters/abstract/quoting.rb:76:in `quote'
activerecord (8.0.0) lib/active_record/connection_adapters/postgresql/quoting.rb:122:in `quote'
activerecord (8.0.0) lib/active_record/connection_adapters/postgresql/schema_statements.rb:1142:in `quoted_scope'
activerecord (8.0.0) lib/active_record/connection_adapters/postgresql/schema_statements.rb:1119:in `data_source_sql'
activerecord (8.0.0) lib/active_record/connection_adapters/abstract/schema_statements.rb:60:in `table_exists?'
activerecord (8.0.0) lib/active_record/schema_migration.rb:55:in `block in create_table'
activerecord (8.0.0) lib/active_record/connection_adapters/abstract/connection_pool.rb:412:in `with_connection'
activerecord (8.0.0) lib/active_record/schema_migration.rb:54:in `create_table'
activerecord (8.0.0) lib/active_record/migration.rb:1431:in `initialize'
activerecord (8.0.0) lib/active_record/migration.rb:1279:in `new'
activerecord (8.0.0) lib/active_record/migration.rb:1279:in `open'
activerecord (8.0.0) lib/active_record/migration.rb:763:in `block (2 levels) in pending_migrations'
activerecord (8.0.0) lib/active_record/migration/pending_migration_connection.rb:8:in `with_temporary_pool'
activerecord (8.0.0) lib/active_record/migration.rb:762:in `block in pending_migrations'
activerecord (8.0.0) lib/active_record/migration.rb:761:in `each'
activerecord (8.0.0) lib/active_record/migration.rb:761:in `pending_migrations'
activerecord (8.0.0) lib/active_record/migration.rb:740:in `check_pending_migrations'
activerecord (8.0.0) lib/active_record/migration.rb:660:in `block (2 levels) in call'
activesupport (8.0.0) lib/active_support/file_update_checker.rb:85:in `execute'
activerecord (8.0.0) lib/active_record/migration.rb:665:in `block in call'
activerecord (8.0.0) lib/active_record/migration.rb:657:in `synchronize'
activerecord (8.0.0) lib/active_record/migration.rb:657:in `call'
actionpack (8.0.0) lib/action_dispatch/middleware/callbacks.rb:31:in `block in call'
activesupport (8.0.0) lib/active_support/callbacks.rb:100:in `run_callbacks'
actionpack (8.0.0) lib/action_dispatch/middleware/callbacks.rb:30:in `call'
actionpack (8.0.0) lib/action_dispatch/middleware/executor.rb:16:in `call'
actionpack (8.0.0) lib/action_dispatch/middleware/actionable_exceptions.rb:18:in `call'
actionpack (8.0.0) lib/action_dispatch/middleware/debug_exceptions.rb:31:in `call'
web-console (4.2.1) lib/web_console/middleware.rb:132:in `call_app'
web-console (4.2.1) lib/web_console/middleware.rb:28:in `block in call'
web-console (4.2.1) lib/web_console/middleware.rb:17:in `catch'
web-console (4.2.1) lib/web_console/middleware.rb:17:in `call'
actionpack (8.0.0) lib/action_dispatch/middleware/show_exceptions.rb:32:in `call'
railties (8.0.0) lib/rails/rack/logger.rb:41:in `call_app'
railties (8.0.0) lib/rails/rack/logger.rb:29:in `call'
actionpack (8.0.0) lib/action_dispatch/middleware/remote_ip.rb:96:in `call'
actionpack (8.0.0) lib/action_dispatch/middleware/request_id.rb:34:in `call'
rack (3.1.8) lib/rack/method_override.rb:28:in `call'
rack (3.1.8) lib/rack/runtime.rb:24:in `call'
actionpack (8.0.0) lib/action_dispatch/middleware/server_timing.rb:61:in `block in call'
actionpack (8.0.0) lib/action_dispatch/middleware/server_timing.rb:26:in `collect_events'
actionpack (8.0.0) lib/action_dispatch/middleware/server_timing.rb:60:in `call'
actionpack (8.0.0) lib/action_dispatch/middleware/executor.rb:16:in `call'
actionpack (8.0.0) lib/action_dispatch/middleware/static.rb:27:in `call'
rack (3.1.8) lib/rack/sendfile.rb:114:in `call'
actionpack (8.0.0) lib/action_dispatch/middleware/host_authorization.rb:143:in `call'
railties (8.0.0) lib/rails/engine.rb:535:in `call'
puma (6.5.0) lib/puma/configuration.rb:279:in `call'
puma (6.5.0) lib/puma/request.rb:99:in `block in handle_request'
puma (6.5.0) lib/puma/thread_pool.rb:389:in `with_force_shutdown'
puma (6.5.0) lib/puma/request.rb:98:in `handle_request'
puma (6.5.0) lib/puma/server.rb:468:in `process_client'
puma (6.5.0) lib/puma/server.rb:249:in `block in run'
puma (6.5.0) lib/puma/thread_pool.rb:166:in `block in spawn_thread'
Started GET "/favicon.ico" for ::1 at 2024-12-06 14:39:00 -0800
  
ActiveRecord::ConnectionNotEstablished (connection to server at "localhost" (::1), port 5432 failed: fe_sendauth: no password supplied
)
Caused by: PG::ConnectionBad (connection to server at "localhost" (::1), port 5432 failed: fe_sendauth: no password supplied
)

Information for: ActiveRecord::ConnectionNotEstablished (connection to server at "localhost" (::1), port 5432 failed: fe_sendauth: no password supplied
):
  
activerecord (8.0.0) lib/active_record/connection_adapters/postgresql_adapter.rb:69:in `rescue in new_client'
activerecord (8.0.0) lib/active_record/connection_adapters/postgresql_adapter.rb:57:in `new_client'
activerecord (8.0.0) lib/active_record/connection_adapters/postgresql_adapter.rb:934:in `connect'
activerecord (8.0.0) lib/active_record/connection_adapters/postgresql_adapter.rb:946:in `reconnect'
activerecord (8.0.0) lib/active_record/connection_adapters/abstract_adapter.rb:669:in `block in reconnect!'
activesupport (8.0.0) lib/active_support/concurrency/null_lock.rb:9:in `synchronize'
activerecord (8.0.0) lib/active_record/connection_adapters/abstract_adapter.rb:668:in `reconnect!'
activerecord (8.0.0) lib/active_record/connection_adapters/abstract_adapter.rb:770:in `block in verify!'
activesupport (8.0.0) lib/active_support/concurrency/null_lock.rb:9:in `synchronize'
activerecord (8.0.0) lib/active_record/connection_adapters/abstract_adapter.rb:761:in `verify!'
activerecord (8.0.0) lib/active_record/connection_adapters/abstract_adapter.rb:778:in `connect!'
activerecord (8.0.0) lib/active_record/connection_adapters/abstract_adapter.rb:984:in `block in with_raw_connection'
activesupport (8.0.0) lib/active_support/concurrency/null_lock.rb:9:in `synchronize'
activerecord (8.0.0) lib/active_record/connection_adapters/abstract_adapter.rb:983:in `with_raw_connection'
activerecord (8.0.0) lib/active_record/connection_adapters/postgresql/quoting.rb:128:in `quote_string'
activerecord (8.0.0) lib/active_record/connection_adapters/abstract/quoting.rb:76:in `quote'
activerecord (8.0.0) lib/active_record/connection_adapters/postgresql/quoting.rb:122:in `quote'
activerecord (8.0.0) lib/active_record/connection_adapters/postgresql/schema_statements.rb:1142:in `quoted_scope'
activerecord (8.0.0) lib/active_record/connection_adapters/postgresql/schema_statements.rb:1119:in `data_source_sql'
activerecord (8.0.0) lib/active_record/connection_adapters/abstract/schema_statements.rb:60:in `table_exists?'
activerecord (8.0.0) lib/active_record/schema_migration.rb:55:in `block in create_table'
activerecord (8.0.0) lib/active_record/connection_adapters/abstract/connection_pool.rb:412:in `with_connection'
activerecord (8.0.0) lib/active_record/schema_migration.rb:54:in `create_table'
activerecord (8.0.0) lib/active_record/migration.rb:1431:in `initialize'
activerecord (8.0.0) lib/active_record/migration.rb:1279:in `new'
activerecord (8.0.0) lib/active_record/migration.rb:1279:in `open'
activerecord (8.0.0) lib/active_record/migration.rb:763:in `block (2 levels) in pending_migrations'
activerecord (8.0.0) lib/active_record/migration/pending_migration_connection.rb:8:in `with_temporary_pool'
activerecord (8.0.0) lib/active_record/migration.rb:762:in `block in pending_migrations'
activerecord (8.0.0) lib/active_record/migration.rb:761:in `each'
activerecord (8.0.0) lib/active_record/migration.rb:761:in `pending_migrations'
activerecord (8.0.0) lib/active_record/migration.rb:740:in `check_pending_migrations'
activerecord (8.0.0) lib/active_record/migration.rb:660:in `block (2 levels) in call'
activesupport (8.0.0) lib/active_support/file_update_checker.rb:85:in `execute'
activerecord (8.0.0) lib/active_record/migration.rb:665:in `block in call'
activerecord (8.0.0) lib/active_record/migration.rb:657:in `synchronize'
activerecord (8.0.0) lib/active_record/migration.rb:657:in `call'
actionpack (8.0.0) lib/action_dispatch/middleware/callbacks.rb:31:in `block in call'
activesupport (8.0.0) lib/active_support/callbacks.rb:100:in `run_callbacks'
actionpack (8.0.0) lib/action_dispatch/middleware/callbacks.rb:30:in `call'
actionpack (8.0.0) lib/action_dispatch/middleware/executor.rb:16:in `call'
actionpack (8.0.0) lib/action_dispatch/middleware/actionable_exceptions.rb:18:in `call'
actionpack (8.0.0) lib/action_dispatch/middleware/debug_exceptions.rb:31:in `call'
web-console (4.2.1) lib/web_console/middleware.rb:132:in `call_app'
web-console (4.2.1) lib/web_console/middleware.rb:28:in `block in call'
web-console (4.2.1) lib/web_console/middleware.rb:17:in `catch'
web-console (4.2.1) lib/web_console/middleware.rb:17:in `call'
actionpack (8.0.0) lib/action_dispatch/middleware/show_exceptions.rb:32:in `call'
railties (8.0.0) lib/rails/rack/logger.rb:41:in `call_app'
railties (8.0.0) lib/rails/rack/logger.rb:29:in `call'
actionpack (8.0.0) lib/action_dispatch/middleware/remote_ip.rb:96:in `call'
actionpack (8.0.0) lib/action_dispatch/middleware/request_id.rb:34:in `call'
rack (3.1.8) lib/rack/method_override.rb:28:in `call'
rack (3.1.8) lib/rack/runtime.rb:24:in `call'
actionpack (8.0.0) lib/action_dispatch/middleware/server_timing.rb:61:in `block in call'
actionpack (8.0.0) lib/action_dispatch/middleware/server_timing.rb:26:in `collect_events'
actionpack (8.0.0) lib/action_dispatch/middleware/server_timing.rb:60:in `call'
actionpack (8.0.0) lib/action_dispatch/middleware/executor.rb:16:in `call'
actionpack (8.0.0) lib/action_dispatch/middleware/static.rb:27:in `call'
rack (3.1.8) lib/rack/sendfile.rb:114:in `call'
actionpack (8.0.0) lib/action_dispatch/middleware/host_authorization.rb:143:in `call'
railties (8.0.0) lib/rails/engine.rb:535:in `call'
puma (6.5.0) lib/puma/configuration.rb:279:in `call'
puma (6.5.0) lib/puma/request.rb:99:in `block in handle_request'
puma (6.5.0) lib/puma/thread_pool.rb:389:in `with_force_shutdown'
puma (6.5.0) lib/puma/request.rb:98:in `handle_request'
puma (6.5.0) lib/puma/server.rb:468:in `process_client'
puma (6.5.0) lib/puma/server.rb:249:in `block in run'
puma (6.5.0) lib/puma/thread_pool.rb:166:in `block in spawn_thread'

Information for cause: PG::ConnectionBad (connection to server at "localhost" (::1), port 5432 failed: fe_sendauth: no password supplied
):
  
pg-1.5.9-x64-mingw (ucrt) lib/pg/connection.rb:709:in `async_connect_or_reset'
pg-1.5.9-x64-mingw (ucrt) lib/pg/connection.rb:844:in `connect_to_hosts'
pg-1.5.9-x64-mingw (ucrt) lib/pg/connection.rb:772:in `new'
pg-1.5.9-x64-mingw (ucrt) lib/pg.rb:63:in `connect'
activerecord (8.0.0) lib/active_record/connection_adapters/postgresql_adapter.rb:58:in `new_client'
activerecord (8.0.0) lib/active_record/connection_adapters/postgresql_adapter.rb:934:in `connect'
activerecord (8.0.0) lib/active_record/connection_adapters/postgresql_adapter.rb:946:in `reconnect'
activerecord (8.0.0) lib/active_record/connection_adapters/abstract_adapter.rb:669:in `block in reconnect!'
activesupport (8.0.0) lib/active_support/concurrency/null_lock.rb:9:in `synchronize'
activerecord (8.0.0) lib/active_record/connection_adapters/abstract_adapter.rb:668:in `reconnect!'
activerecord (8.0.0) lib/active_record/connection_adapters/abstract_adapter.rb:770:in `block in verify!'
activesupport (8.0.0) lib/active_support/concurrency/null_lock.rb:9:in `synchronize'
activerecord (8.0.0) lib/active_record/connection_adapters/abstract_adapter.rb:761:in `verify!'
activerecord (8.0.0) lib/active_record/connection_adapters/abstract_adapter.rb:778:in `connect!'
activerecord (8.0.0) lib/active_record/connection_adapters/abstract_adapter.rb:984:in `block in with_raw_connection'
activesupport (8.0.0) lib/active_support/concurrency/null_lock.rb:9:in `synchronize'
activerecord (8.0.0) lib/active_record/connection_adapters/abstract_adapter.rb:983:in `with_raw_connection'
activerecord (8.0.0) lib/active_record/connection_adapters/postgresql/quoting.rb:128:in `quote_string'
activerecord (8.0.0) lib/active_record/connection_adapters/abstract/quoting.rb:76:in `quote'
activerecord (8.0.0) lib/active_record/connection_adapters/postgresql/quoting.rb:122:in `quote'
activerecord (8.0.0) lib/active_record/connection_adapters/postgresql/schema_statements.rb:1142:in `quoted_scope'
activerecord (8.0.0) lib/active_record/connection_adapters/postgresql/schema_statements.rb:1119:in `data_source_sql'
activerecord (8.0.0) lib/active_record/connection_adapters/abstract/schema_statements.rb:60:in `table_exists?'
activerecord (8.0.0) lib/active_record/schema_migration.rb:55:in `block in create_table'
activerecord (8.0.0) lib/active_record/connection_adapters/abstract/connection_pool.rb:412:in `with_connection'
activerecord (8.0.0) lib/active_record/schema_migration.rb:54:in `create_table'
activerecord (8.0.0) lib/active_record/migration.rb:1431:in `initialize'
activerecord (8.0.0) lib/active_record/migration.rb:1279:in `new'
activerecord (8.0.0) lib/active_record/migration.rb:1279:in `open'
activerecord (8.0.0) lib/active_record/migration.rb:763:in `block (2 levels) in pending_migrations'
activerecord (8.0.0) lib/active_record/migration/pending_migration_connection.rb:8:in `with_temporary_pool'
activerecord (8.0.0) lib/active_record/migration.rb:762:in `block in pending_migrations'
activerecord (8.0.0) lib/active_record/migration.rb:761:in `each'
activerecord (8.0.0) lib/active_record/migration.rb:761:in `pending_migrations'
activerecord (8.0.0) lib/active_record/migration.rb:740:in `check_pending_migrations'
activerecord (8.0.0) lib/active_record/migration.rb:660:in `block (2 levels) in call'
activesupport (8.0.0) lib/active_support/file_update_checker.rb:85:in `execute'
activerecord (8.0.0) lib/active_record/migration.rb:665:in `block in call'
activerecord (8.0.0) lib/active_record/migration.rb:657:in `synchronize'
activerecord (8.0.0) lib/active_record/migration.rb:657:in `call'
actionpack (8.0.0) lib/action_dispatch/middleware/callbacks.rb:31:in `block in call'
activesupport (8.0.0) lib/active_support/callbacks.rb:100:in `run_callbacks'
actionpack (8.0.0) lib/action_dispatch/middleware/callbacks.rb:30:in `call'
actionpack (8.0.0) lib/action_dispatch/middleware/executor.rb:16:in `call'
actionpack (8.0.0) lib/action_dispatch/middleware/actionable_exceptions.rb:18:in `call'
actionpack (8.0.0) lib/action_dispatch/middleware/debug_exceptions.rb:31:in `call'
web-console (4.2.1) lib/web_console/middleware.rb:132:in `call_app'
web-console (4.2.1) lib/web_console/middleware.rb:28:in `block in call'
web-console (4.2.1) lib/web_console/middleware.rb:17:in `catch'
web-console (4.2.1) lib/web_console/middleware.rb:17:in `call'
actionpack (8.0.0) lib/action_dispatch/middleware/show_exceptions.rb:32:in `call'
railties (8.0.0) lib/rails/rack/logger.rb:41:in `call_app'
railties (8.0.0) lib/rails/rack/logger.rb:29:in `call'
actionpack (8.0.0) lib/action_dispatch/middleware/remote_ip.rb:96:in `call'
actionpack (8.0.0) lib/action_dispatch/middleware/request_id.rb:34:in `call'
rack (3.1.8) lib/rack/method_override.rb:28:in `call'
rack (3.1.8) lib/rack/runtime.rb:24:in `call'
actionpack (8.0.0) lib/action_dispatch/middleware/server_timing.rb:61:in `block in call'
actionpack (8.0.0) lib/action_dispatch/middleware/server_timing.rb:26:in `collect_events'
actionpack (8.0.0) lib/action_dispatch/middleware/server_timing.rb:60:in `call'
actionpack (8.0.0) lib/action_dispatch/middleware/executor.rb:16:in `call'
actionpack (8.0.0) lib/action_dispatch/middleware/static.rb:27:in `call'
rack (3.1.8) lib/rack/sendfile.rb:114:in `call'
actionpack (8.0.0) lib/action_dispatch/middleware/host_authorization.rb:143:in `call'
railties (8.0.0) lib/rails/engine.rb:535:in `call'
puma (6.5.0) lib/puma/configuration.rb:279:in `call'
puma (6.5.0) lib/puma/request.rb:99:in `block in handle_request'
puma (6.5.0) lib/puma/thread_pool.rb:389:in `with_force_shutdown'
puma (6.5.0) lib/puma/request.rb:98:in `handle_request'
puma (6.5.0) lib/puma/server.rb:468:in `process_client'
puma (6.5.0) lib/puma/server.rb:249:in `block in run'
puma (6.5.0) lib/puma/thread_pool.rb:166:in `block in spawn_thread'
  [1m[35mSQL (0.7ms)[0m  [1m[35mSET search_path TO public /*application='Superfast'*/[0m
  [1m[35m (557.0ms)[0m  [1m[35mCREATE DATABASE "superfast_development" ENCODING = 'unicode' /*application='Superfast'*/[0m
  [1m[35m (214.6ms)[0m  [1m[35mCREATE DATABASE "superfast_test" ENCODING = 'unicode' /*application='Superfast'*/[0m
  [1m[35mSQL (0.5ms)[0m  [1m[35mSET search_path TO public /*application='Superfast'*/[0m
  [1m[35m (119.5ms)[0m  [1m[35mCREATE DATABASE "superfast_development" ENCODING = 'unicode' /*application='Superfast'*/[0m
  [1m[35m (204.6ms)[0m  [1m[35mCREATE DATABASE "superfast_test" ENCODING = 'unicode' /*application='Superfast'*/[0m
  [1m[35mSQL (0.2ms)[0m  [1m[35mSET search_path TO public /*application='Superfast'*/[0m
  [1m[35m (117.3ms)[0m  [1m[35mCREATE DATABASE "superfast_development" ENCODING = 'unicode' /*application='Superfast'*/[0m
  [1m[35m (225.7ms)[0m  [1m[35mCREATE DATABASE "superfast_test" ENCODING = 'unicode' /*application='Superfast'*/[0m
  [1m[35mSQL (0.5ms)[0m  [1m[35mSET search_path TO public /*application='Superfast'*/[0m
  [1m[35m (134.1ms)[0m  [1m[35mCREATE DATABASE "superfast_development" ENCODING = 'unicode' /*application='Superfast'*/[0m
  [1m[35mSQL (0.2ms)[0m  [1m[35mSET search_path TO public /*application='Superfast'*/[0m
  [1m[35m (132.2ms)[0m  [1m[35mCREATE DATABASE "superfast_test" ENCODING = 'unicode' /*application='Superfast'*/[0m
Started GET "/" for ::1 at 2024-12-06 14:52:32 -0800
  [1m[36mActiveRecord::SchemaMigration Load (1.7ms)[0m  [1m[34mSELECT "schema_migrations"."version" FROM "schema_migrations" ORDER BY "schema_migrations"."version" ASC /*application='Superfast'*/[0m
Processing by Rails::WelcomeController#index as HTML
  Rendering C:/Ruby33-x64/lib/ruby/gems/3.3.0/gems/railties-8.0.0/lib/rails/templates/rails/welcome/index.html.erb
  Rendered C:/Ruby33-x64/lib/ruby/gems/3.3.0/gems/railties-8.0.0/lib/rails/templates/rails/welcome/index.html.erb (Duration: 1.1ms | GC: 0.0ms)
Completed 200 OK in 1220ms (Views: 7.2ms | ActiveRecord: 0.0ms (0 queries, 0 cached) | GC: 0.0ms)


  [1m[35m (1.2ms)[0m  [1m[34mSELECT pg_try_advisory_lock(5684521289467275360) /*application='Superfast'*/[0m
  [1m[36mActiveRecord::SchemaMigration Load (1.1ms)[0m  [1m[34mSELECT "schema_migrations"."version" FROM "schema_migrations" ORDER BY "schema_migrations"."version" ASC /*application='Superfast'*/[0m
  [1m[36mActiveRecord::InternalMetadata Load (3.8ms)[0m  [1m[34mSELECT * FROM "ar_internal_metadata" WHERE "ar_internal_metadata"."key" = 'environment' ORDER BY "ar_internal_metadata"."key" ASC LIMIT 1 /*application='Superfast'*/[0m
  [1m[35m (0.2ms)[0m  [1m[34mSELECT pg_advisory_unlock(5684521289467275360) /*application='Superfast'*/[0m
  [1m[36mActiveRecord::SchemaMigration Load (0.2ms)[0m  [1m[34mSELECT "schema_migrations"."version" FROM "schema_migrations" ORDER BY "schema_migrations"."version" ASC /*application='Superfast'*/[0m
Started GET "/" for ::1 at 2024-12-06 20:18:08 -0800
  [1m[36mActiveRecord::SchemaMigration Load (1.6ms)[0m  [1m[34mSELECT "schema_migrations"."version" FROM "schema_migrations" ORDER BY "schema_migrations"."version" ASC /*application='Superfast'*/[0m
Processing by Rails::WelcomeController#index as HTML
  Rendering C:/Ruby33-x64/lib/ruby/gems/3.3.0/gems/railties-8.0.0/lib/rails/templates/rails/welcome/index.html.erb
  Rendered C:/Ruby33-x64/lib/ruby/gems/3.3.0/gems/railties-8.0.0/lib/rails/templates/rails/welcome/index.html.erb (Duration: 1.1ms | GC: 0.0ms)
Completed 200 OK in 1410ms (Views: 60.6ms | ActiveRecord: 0.0ms (0 queries, 0 cached) | GC: 0.0ms)


Started GET "/" for ::1 at 2024-12-06 20:18:50 -0800
Processing by Rails::WelcomeController#index as HTML
  Rendering C:/Ruby33-x64/lib/ruby/gems/3.3.0/gems/railties-8.0.0/lib/rails/templates/rails/welcome/index.html.erb
  Rendered C:/Ruby33-x64/lib/ruby/gems/3.3.0/gems/railties-8.0.0/lib/rails/templates/rails/welcome/index.html.erb (Duration: 0.5ms | GC: 0.0ms)
Completed 200 OK in 570ms (Views: 1.1ms | ActiveRecord: 0.0ms (0 queries, 0 cached) | GC: 0.0ms)


Started GET "/" for ::1 at 2024-12-06 20:50:23 -0800
  [1m[36mActiveRecord::SchemaMigration Load (1.3ms)[0m  [1m[34mSELECT "schema_migrations"."version" FROM "schema_migrations" ORDER BY "schema_migrations"."version" ASC /*application='Superfast'*/[0m
Processing by Rails::WelcomeController#index as HTML
  Rendering C:/Ruby33-x64/lib/ruby/gems/3.3.0/gems/railties-8.0.0/lib/rails/templates/rails/welcome/index.html.erb
  Rendered C:/Ruby33-x64/lib/ruby/gems/3.3.0/gems/railties-8.0.0/lib/rails/templates/rails/welcome/index.html.erb (Duration: 1.1ms | GC: 0.0ms)
Completed 200 OK in 1144ms (Views: 7.2ms | ActiveRecord: 0.0ms (0 queries, 0 cached) | GC: 0.0ms)


  [1m[35mSQL (0.2ms)[0m  [1m[35mSET search_path TO public /*application='Superfast'*/[0m
  [1m[35m (124.6ms)[0m  [1m[35mCREATE DATABASE "superfast_development" ENCODING = 'unicode' /*application='Superfast'*/[0m
  [1m[35m (9206.7ms)[0m  [1m[35mCREATE DATABASE "superfast_test" ENCODING = 'unicode' /*application='Superfast'*/[0m
Started GET "/" for ::1 at 2024-12-06 21:45:27 -0800
  [1m[36mActiveRecord::SchemaMigration Load (1.1ms)[0m  [1m[34mSELECT "schema_migrations"."version" FROM "schema_migrations" ORDER BY "schema_migrations"."version" ASC /*application='Superfast'*/[0m
Processing by Rails::WelcomeController#index as HTML
  Rendering C:/Ruby33-x64/lib/ruby/gems/3.3.0/gems/railties-8.0.0/lib/rails/templates/rails/welcome/index.html.erb
  Rendered C:/Ruby33-x64/lib/ruby/gems/3.3.0/gems/railties-8.0.0/lib/rails/templates/rails/welcome/index.html.erb (Duration: 1.0ms | GC: 0.0ms)
Completed 200 OK in 1178ms (Views: 6.9ms | ActiveRecord: 0.0ms (0 queries, 0 cached) | GC: 0.0ms)


Started GET "/" for ::1 at 2024-12-07 19:19:44 -0800
  
ActiveRecord::ConnectionNotEstablished (connection to server at "localhost" (::1), port 5432 failed: fe_sendauth: no password supplied
)
Caused by: PG::ConnectionBad (connection to server at "localhost" (::1), port 5432 failed: fe_sendauth: no password supplied
)

Information for: ActiveRecord::ConnectionNotEstablished (connection to server at "localhost" (::1), port 5432 failed: fe_sendauth: no password supplied
):
  
activerecord (8.0.0) lib/active_record/connection_adapters/postgresql_adapter.rb:69:in `rescue in new_client'
activerecord (8.0.0) lib/active_record/connection_adapters/postgresql_adapter.rb:57:in `new_client'
activerecord (8.0.0) lib/active_record/connection_adapters/postgresql_adapter.rb:934:in `connect'
activerecord (8.0.0) lib/active_record/connection_adapters/postgresql_adapter.rb:946:in `reconnect'
activerecord (8.0.0) lib/active_record/connection_adapters/abstract_adapter.rb:669:in `block in reconnect!'
activesupport (8.0.0) lib/active_support/concurrency/null_lock.rb:9:in `synchronize'
activerecord (8.0.0) lib/active_record/connection_adapters/abstract_adapter.rb:668:in `reconnect!'
activerecord (8.0.0) lib/active_record/connection_adapters/abstract_adapter.rb:770:in `block in verify!'
activesupport (8.0.0) lib/active_support/concurrency/null_lock.rb:9:in `synchronize'
activerecord (8.0.0) lib/active_record/connection_adapters/abstract_adapter.rb:761:in `verify!'
activerecord (8.0.0) lib/active_record/connection_adapters/abstract_adapter.rb:778:in `connect!'
activerecord (8.0.0) lib/active_record/connection_adapters/abstract_adapter.rb:984:in `block in with_raw_connection'
activesupport (8.0.0) lib/active_support/concurrency/null_lock.rb:9:in `synchronize'
activerecord (8.0.0) lib/active_record/connection_adapters/abstract_adapter.rb:983:in `with_raw_connection'
activerecord (8.0.0) lib/active_record/connection_adapters/postgresql/quoting.rb:128:in `quote_string'
activerecord (8.0.0) lib/active_record/connection_adapters/abstract/quoting.rb:76:in `quote'
activerecord (8.0.0) lib/active_record/connection_adapters/postgresql/quoting.rb:122:in `quote'
activerecord (8.0.0) lib/active_record/connection_adapters/postgresql/schema_statements.rb:1142:in `quoted_scope'
activerecord (8.0.0) lib/active_record/connection_adapters/postgresql/schema_statements.rb:1119:in `data_source_sql'
activerecord (8.0.0) lib/active_record/connection_adapters/abstract/schema_statements.rb:60:in `table_exists?'
activerecord (8.0.0) lib/active_record/schema_migration.rb:55:in `block in create_table'
activerecord (8.0.0) lib/active_record/connection_adapters/abstract/connection_pool.rb:412:in `with_connection'
activerecord (8.0.0) lib/active_record/schema_migration.rb:54:in `create_table'
activerecord (8.0.0) lib/active_record/migration.rb:1431:in `initialize'
activerecord (8.0.0) lib/active_record/migration.rb:1279:in `new'
activerecord (8.0.0) lib/active_record/migration.rb:1279:in `open'
activerecord (8.0.0) lib/active_record/migration.rb:763:in `block (2 levels) in pending_migrations'
activerecord (8.0.0) lib/active_record/migration/pending_migration_connection.rb:8:in `with_temporary_pool'
activerecord (8.0.0) lib/active_record/migration.rb:762:in `block in pending_migrations'
activerecord (8.0.0) lib/active_record/migration.rb:761:in `each'
activerecord (8.0.0) lib/active_record/migration.rb:761:in `pending_migrations'
activerecord (8.0.0) lib/active_record/migration.rb:740:in `check_pending_migrations'
activerecord (8.0.0) lib/active_record/migration.rb:660:in `block (2 levels) in call'
activesupport (8.0.0) lib/active_support/file_update_checker.rb:85:in `execute'
activerecord (8.0.0) lib/active_record/migration.rb:665:in `block in call'
activerecord (8.0.0) lib/active_record/migration.rb:657:in `synchronize'
activerecord (8.0.0) lib/active_record/migration.rb:657:in `call'
actionpack (8.0.0) lib/action_dispatch/middleware/callbacks.rb:31:in `block in call'
activesupport (8.0.0) lib/active_support/callbacks.rb:100:in `run_callbacks'
actionpack (8.0.0) lib/action_dispatch/middleware/callbacks.rb:30:in `call'
actionpack (8.0.0) lib/action_dispatch/middleware/executor.rb:16:in `call'
actionpack (8.0.0) lib/action_dispatch/middleware/actionable_exceptions.rb:18:in `call'
actionpack (8.0.0) lib/action_dispatch/middleware/debug_exceptions.rb:31:in `call'
web-console (4.2.1) lib/web_console/middleware.rb:132:in `call_app'
web-console (4.2.1) lib/web_console/middleware.rb:28:in `block in call'
web-console (4.2.1) lib/web_console/middleware.rb:17:in `catch'
web-console (4.2.1) lib/web_console/middleware.rb:17:in `call'
actionpack (8.0.0) lib/action_dispatch/middleware/show_exceptions.rb:32:in `call'
railties (8.0.0) lib/rails/rack/logger.rb:41:in `call_app'
railties (8.0.0) lib/rails/rack/logger.rb:29:in `call'
actionpack (8.0.0) lib/action_dispatch/middleware/remote_ip.rb:96:in `call'
actionpack (8.0.0) lib/action_dispatch/middleware/request_id.rb:34:in `call'
rack (3.1.8) lib/rack/method_override.rb:28:in `call'
rack (3.1.8) lib/rack/runtime.rb:24:in `call'
actionpack (8.0.0) lib/action_dispatch/middleware/server_timing.rb:61:in `block in call'
actionpack (8.0.0) lib/action_dispatch/middleware/server_timing.rb:26:in `collect_events'
actionpack (8.0.0) lib/action_dispatch/middleware/server_timing.rb:60:in `call'
actionpack (8.0.0) lib/action_dispatch/middleware/executor.rb:16:in `call'
actionpack (8.0.0) lib/action_dispatch/middleware/static.rb:27:in `call'
rack (3.1.8) lib/rack/sendfile.rb:114:in `call'
actionpack (8.0.0) lib/action_dispatch/middleware/host_authorization.rb:143:in `call'
railties (8.0.0) lib/rails/engine.rb:535:in `call'
puma (6.5.0) lib/puma/configuration.rb:279:in `call'
puma (6.5.0) lib/puma/request.rb:99:in `block in handle_request'
puma (6.5.0) lib/puma/thread_pool.rb:389:in `with_force_shutdown'
puma (6.5.0) lib/puma/request.rb:98:in `handle_request'
puma (6.5.0) lib/puma/server.rb:468:in `process_client'
puma (6.5.0) lib/puma/server.rb:249:in `block in run'
puma (6.5.0) lib/puma/thread_pool.rb:166:in `block in spawn_thread'

Information for cause: PG::ConnectionBad (connection to server at "localhost" (::1), port 5432 failed: fe_sendauth: no password supplied
):
  
pg-1.5.9-x64-mingw (ucrt) lib/pg/connection.rb:709:in `async_connect_or_reset'
pg-1.5.9-x64-mingw (ucrt) lib/pg/connection.rb:844:in `connect_to_hosts'
pg-1.5.9-x64-mingw (ucrt) lib/pg/connection.rb:772:in `new'
pg-1.5.9-x64-mingw (ucrt) lib/pg.rb:63:in `connect'
activerecord (8.0.0) lib/active_record/connection_adapters/postgresql_adapter.rb:58:in `new_client'
activerecord (8.0.0) lib/active_record/connection_adapters/postgresql_adapter.rb:934:in `connect'
activerecord (8.0.0) lib/active_record/connection_adapters/postgresql_adapter.rb:946:in `reconnect'
activerecord (8.0.0) lib/active_record/connection_adapters/abstract_adapter.rb:669:in `block in reconnect!'
activesupport (8.0.0) lib/active_support/concurrency/null_lock.rb:9:in `synchronize'
activerecord (8.0.0) lib/active_record/connection_adapters/abstract_adapter.rb:668:in `reconnect!'
activerecord (8.0.0) lib/active_record/connection_adapters/abstract_adapter.rb:770:in `block in verify!'
activesupport (8.0.0) lib/active_support/concurrency/null_lock.rb:9:in `synchronize'
activerecord (8.0.0) lib/active_record/connection_adapters/abstract_adapter.rb:761:in `verify!'
activerecord (8.0.0) lib/active_record/connection_adapters/abstract_adapter.rb:778:in `connect!'
activerecord (8.0.0) lib/active_record/connection_adapters/abstract_adapter.rb:984:in `block in with_raw_connection'
activesupport (8.0.0) lib/active_support/concurrency/null_lock.rb:9:in `synchronize'
activerecord (8.0.0) lib/active_record/connection_adapters/abstract_adapter.rb:983:in `with_raw_connection'
activerecord (8.0.0) lib/active_record/connection_adapters/postgresql/quoting.rb:128:in `quote_string'
activerecord (8.0.0) lib/active_record/connection_adapters/abstract/quoting.rb:76:in `quote'
activerecord (8.0.0) lib/active_record/connection_adapters/postgresql/quoting.rb:122:in `quote'
activerecord (8.0.0) lib/active_record/connection_adapters/postgresql/schema_statements.rb:1142:in `quoted_scope'
activerecord (8.0.0) lib/active_record/connection_adapters/postgresql/schema_statements.rb:1119:in `data_source_sql'
activerecord (8.0.0) lib/active_record/connection_adapters/abstract/schema_statements.rb:60:in `table_exists?'
activerecord (8.0.0) lib/active_record/schema_migration.rb:55:in `block in create_table'
activerecord (8.0.0) lib/active_record/connection_adapters/abstract/connection_pool.rb:412:in `with_connection'
activerecord (8.0.0) lib/active_record/schema_migration.rb:54:in `create_table'
activerecord (8.0.0) lib/active_record/migration.rb:1431:in `initialize'
activerecord (8.0.0) lib/active_record/migration.rb:1279:in `new'
activerecord (8.0.0) lib/active_record/migration.rb:1279:in `open'
activerecord (8.0.0) lib/active_record/migration.rb:763:in `block (2 levels) in pending_migrations'
activerecord (8.0.0) lib/active_record/migration/pending_migration_connection.rb:8:in `with_temporary_pool'
activerecord (8.0.0) lib/active_record/migration.rb:762:in `block in pending_migrations'
activerecord (8.0.0) lib/active_record/migration.rb:761:in `each'
activerecord (8.0.0) lib/active_record/migration.rb:761:in `pending_migrations'
activerecord (8.0.0) lib/active_record/migration.rb:740:in `check_pending_migrations'
activerecord (8.0.0) lib/active_record/migration.rb:660:in `block (2 levels) in call'
activesupport (8.0.0) lib/active_support/file_update_checker.rb:85:in `execute'
activerecord (8.0.0) lib/active_record/migration.rb:665:in `block in call'
activerecord (8.0.0) lib/active_record/migration.rb:657:in `synchronize'
activerecord (8.0.0) lib/active_record/migration.rb:657:in `call'
actionpack (8.0.0) lib/action_dispatch/middleware/callbacks.rb:31:in `block in call'
activesupport (8.0.0) lib/active_support/callbacks.rb:100:in `run_callbacks'
actionpack (8.0.0) lib/action_dispatch/middleware/callbacks.rb:30:in `call'
actionpack (8.0.0) lib/action_dispatch/middleware/executor.rb:16:in `call'
actionpack (8.0.0) lib/action_dispatch/middleware/actionable_exceptions.rb:18:in `call'
actionpack (8.0.0) lib/action_dispatch/middleware/debug_exceptions.rb:31:in `call'
web-console (4.2.1) lib/web_console/middleware.rb:132:in `call_app'
web-console (4.2.1) lib/web_console/middleware.rb:28:in `block in call'
web-console (4.2.1) lib/web_console/middleware.rb:17:in `catch'
web-console (4.2.1) lib/web_console/middleware.rb:17:in `call'
actionpack (8.0.0) lib/action_dispatch/middleware/show_exceptions.rb:32:in `call'
railties (8.0.0) lib/rails/rack/logger.rb:41:in `call_app'
railties (8.0.0) lib/rails/rack/logger.rb:29:in `call'
actionpack (8.0.0) lib/action_dispatch/middleware/remote_ip.rb:96:in `call'
actionpack (8.0.0) lib/action_dispatch/middleware/request_id.rb:34:in `call'
rack (3.1.8) lib/rack/method_override.rb:28:in `call'
rack (3.1.8) lib/rack/runtime.rb:24:in `call'
actionpack (8.0.0) lib/action_dispatch/middleware/server_timing.rb:61:in `block in call'
actionpack (8.0.0) lib/action_dispatch/middleware/server_timing.rb:26:in `collect_events'
actionpack (8.0.0) lib/action_dispatch/middleware/server_timing.rb:60:in `call'
actionpack (8.0.0) lib/action_dispatch/middleware/executor.rb:16:in `call'
actionpack (8.0.0) lib/action_dispatch/middleware/static.rb:27:in `call'
rack (3.1.8) lib/rack/sendfile.rb:114:in `call'
actionpack (8.0.0) lib/action_dispatch/middleware/host_authorization.rb:143:in `call'
railties (8.0.0) lib/rails/engine.rb:535:in `call'
puma (6.5.0) lib/puma/configuration.rb:279:in `call'
puma (6.5.0) lib/puma/request.rb:99:in `block in handle_request'
puma (6.5.0) lib/puma/thread_pool.rb:389:in `with_force_shutdown'
puma (6.5.0) lib/puma/request.rb:98:in `handle_request'
puma (6.5.0) lib/puma/server.rb:468:in `process_client'
puma (6.5.0) lib/puma/server.rb:249:in `block in run'
puma (6.5.0) lib/puma/thread_pool.rb:166:in `block in spawn_thread'
Started GET "/favicon.ico" for ::1 at 2024-12-07 19:19:46 -0800
  
ActiveRecord::ConnectionNotEstablished (connection to server at "localhost" (::1), port 5432 failed: fe_sendauth: no password supplied
)
Caused by: PG::ConnectionBad (connection to server at "localhost" (::1), port 5432 failed: fe_sendauth: no password supplied
)

Information for: ActiveRecord::ConnectionNotEstablished (connection to server at "localhost" (::1), port 5432 failed: fe_sendauth: no password supplied
):
  
activerecord (8.0.0) lib/active_record/connection_adapters/postgresql_adapter.rb:69:in `rescue in new_client'
activerecord (8.0.0) lib/active_record/connection_adapters/postgresql_adapter.rb:57:in `new_client'
activerecord (8.0.0) lib/active_record/connection_adapters/postgresql_adapter.rb:934:in `connect'
activerecord (8.0.0) lib/active_record/connection_adapters/postgresql_adapter.rb:946:in `reconnect'
activerecord (8.0.0) lib/active_record/connection_adapters/abstract_adapter.rb:669:in `block in reconnect!'
activesupport (8.0.0) lib/active_support/concurrency/null_lock.rb:9:in `synchronize'
activerecord (8.0.0) lib/active_record/connection_adapters/abstract_adapter.rb:668:in `reconnect!'
activerecord (8.0.0) lib/active_record/connection_adapters/abstract_adapter.rb:770:in `block in verify!'
activesupport (8.0.0) lib/active_support/concurrency/null_lock.rb:9:in `synchronize'
activerecord (8.0.0) lib/active_record/connection_adapters/abstract_adapter.rb:761:in `verify!'
activerecord (8.0.0) lib/active_record/connection_adapters/abstract_adapter.rb:778:in `connect!'
activerecord (8.0.0) lib/active_record/connection_adapters/abstract_adapter.rb:984:in `block in with_raw_connection'
activesupport (8.0.0) lib/active_support/concurrency/null_lock.rb:9:in `synchronize'
activerecord (8.0.0) lib/active_record/connection_adapters/abstract_adapter.rb:983:in `with_raw_connection'
activerecord (8.0.0) lib/active_record/connection_adapters/postgresql/quoting.rb:128:in `quote_string'
activerecord (8.0.0) lib/active_record/connection_adapters/abstract/quoting.rb:76:in `quote'
activerecord (8.0.0) lib/active_record/connection_adapters/postgresql/quoting.rb:122:in `quote'
activerecord (8.0.0) lib/active_record/connection_adapters/postgresql/schema_statements.rb:1142:in `quoted_scope'
activerecord (8.0.0) lib/active_record/connection_adapters/postgresql/schema_statements.rb:1119:in `data_source_sql'
activerecord (8.0.0) lib/active_record/connection_adapters/abstract/schema_statements.rb:60:in `table_exists?'
activerecord (8.0.0) lib/active_record/schema_migration.rb:55:in `block in create_table'
activerecord (8.0.0) lib/active_record/connection_adapters/abstract/connection_pool.rb:412:in `with_connection'
activerecord (8.0.0) lib/active_record/schema_migration.rb:54:in `create_table'
activerecord (8.0.0) lib/active_record/migration.rb:1431:in `initialize'
activerecord (8.0.0) lib/active_record/migration.rb:1279:in `new'
activerecord (8.0.0) lib/active_record/migration.rb:1279:in `open'
activerecord (8.0.0) lib/active_record/migration.rb:763:in `block (2 levels) in pending_migrations'
activerecord (8.0.0) lib/active_record/migration/pending_migration_connection.rb:8:in `with_temporary_pool'
activerecord (8.0.0) lib/active_record/migration.rb:762:in `block in pending_migrations'
activerecord (8.0.0) lib/active_record/migration.rb:761:in `each'
activerecord (8.0.0) lib/active_record/migration.rb:761:in `pending_migrations'
activerecord (8.0.0) lib/active_record/migration.rb:740:in `check_pending_migrations'
activerecord (8.0.0) lib/active_record/migration.rb:660:in `block (2 levels) in call'
activesupport (8.0.0) lib/active_support/file_update_checker.rb:85:in `execute'
activerecord (8.0.0) lib/active_record/migration.rb:665:in `block in call'
activerecord (8.0.0) lib/active_record/migration.rb:657:in `synchronize'
activerecord (8.0.0) lib/active_record/migration.rb:657:in `call'
actionpack (8.0.0) lib/action_dispatch/middleware/callbacks.rb:31:in `block in call'
activesupport (8.0.0) lib/active_support/callbacks.rb:100:in `run_callbacks'
actionpack (8.0.0) lib/action_dispatch/middleware/callbacks.rb:30:in `call'
actionpack (8.0.0) lib/action_dispatch/middleware/executor.rb:16:in `call'
actionpack (8.0.0) lib/action_dispatch/middleware/actionable_exceptions.rb:18:in `call'
actionpack (8.0.0) lib/action_dispatch/middleware/debug_exceptions.rb:31:in `call'
web-console (4.2.1) lib/web_console/middleware.rb:132:in `call_app'
web-console (4.2.1) lib/web_console/middleware.rb:28:in `block in call'
web-console (4.2.1) lib/web_console/middleware.rb:17:in `catch'
web-console (4.2.1) lib/web_console/middleware.rb:17:in `call'
actionpack (8.0.0) lib/action_dispatch/middleware/show_exceptions.rb:32:in `call'
railties (8.0.0) lib/rails/rack/logger.rb:41:in `call_app'
railties (8.0.0) lib/rails/rack/logger.rb:29:in `call'
actionpack (8.0.0) lib/action_dispatch/middleware/remote_ip.rb:96:in `call'
actionpack (8.0.0) lib/action_dispatch/middleware/request_id.rb:34:in `call'
rack (3.1.8) lib/rack/method_override.rb:28:in `call'
rack (3.1.8) lib/rack/runtime.rb:24:in `call'
actionpack (8.0.0) lib/action_dispatch/middleware/server_timing.rb:61:in `block in call'
actionpack (8.0.0) lib/action_dispatch/middleware/server_timing.rb:26:in `collect_events'
actionpack (8.0.0) lib/action_dispatch/middleware/server_timing.rb:60:in `call'
actionpack (8.0.0) lib/action_dispatch/middleware/executor.rb:16:in `call'
actionpack (8.0.0) lib/action_dispatch/middleware/static.rb:27:in `call'
rack (3.1.8) lib/rack/sendfile.rb:114:in `call'
actionpack (8.0.0) lib/action_dispatch/middleware/host_authorization.rb:143:in `call'
railties (8.0.0) lib/rails/engine.rb:535:in `call'
puma (6.5.0) lib/puma/configuration.rb:279:in `call'
puma (6.5.0) lib/puma/request.rb:99:in `block in handle_request'
puma (6.5.0) lib/puma/thread_pool.rb:389:in `with_force_shutdown'
puma (6.5.0) lib/puma/request.rb:98:in `handle_request'
puma (6.5.0) lib/puma/server.rb:468:in `process_client'
puma (6.5.0) lib/puma/server.rb:249:in `block in run'
puma (6.5.0) lib/puma/thread_pool.rb:166:in `block in spawn_thread'

Information for cause: PG::ConnectionBad (connection to server at "localhost" (::1), port 5432 failed: fe_sendauth: no password supplied
):
  
pg-1.5.9-x64-mingw (ucrt) lib/pg/connection.rb:709:in `async_connect_or_reset'
pg-1.5.9-x64-mingw (ucrt) lib/pg/connection.rb:844:in `connect_to_hosts'
pg-1.5.9-x64-mingw (ucrt) lib/pg/connection.rb:772:in `new'
pg-1.5.9-x64-mingw (ucrt) lib/pg.rb:63:in `connect'
activerecord (8.0.0) lib/active_record/connection_adapters/postgresql_adapter.rb:58:in `new_client'
activerecord (8.0.0) lib/active_record/connection_adapters/postgresql_adapter.rb:934:in `connect'
activerecord (8.0.0) lib/active_record/connection_adapters/postgresql_adapter.rb:946:in `reconnect'
activerecord (8.0.0) lib/active_record/connection_adapters/abstract_adapter.rb:669:in `block in reconnect!'
activesupport (8.0.0) lib/active_support/concurrency/null_lock.rb:9:in `synchronize'
activerecord (8.0.0) lib/active_record/connection_adapters/abstract_adapter.rb:668:in `reconnect!'
activerecord (8.0.0) lib/active_record/connection_adapters/abstract_adapter.rb:770:in `block in verify!'
activesupport (8.0.0) lib/active_support/concurrency/null_lock.rb:9:in `synchronize'
activerecord (8.0.0) lib/active_record/connection_adapters/abstract_adapter.rb:761:in `verify!'
activerecord (8.0.0) lib/active_record/connection_adapters/abstract_adapter.rb:778:in `connect!'
activerecord (8.0.0) lib/active_record/connection_adapters/abstract_adapter.rb:984:in `block in with_raw_connection'
activesupport (8.0.0) lib/active_support/concurrency/null_lock.rb:9:in `synchronize'
activerecord (8.0.0) lib/active_record/connection_adapters/abstract_adapter.rb:983:in `with_raw_connection'
activerecord (8.0.0) lib/active_record/connection_adapters/postgresql/quoting.rb:128:in `quote_string'
activerecord (8.0.0) lib/active_record/connection_adapters/abstract/quoting.rb:76:in `quote'
activerecord (8.0.0) lib/active_record/connection_adapters/postgresql/quoting.rb:122:in `quote'
activerecord (8.0.0) lib/active_record/connection_adapters/postgresql/schema_statements.rb:1142:in `quoted_scope'
activerecord (8.0.0) lib/active_record/connection_adapters/postgresql/schema_statements.rb:1119:in `data_source_sql'
activerecord (8.0.0) lib/active_record/connection_adapters/abstract/schema_statements.rb:60:in `table_exists?'
activerecord (8.0.0) lib/active_record/schema_migration.rb:55:in `block in create_table'
activerecord (8.0.0) lib/active_record/connection_adapters/abstract/connection_pool.rb:412:in `with_connection'
activerecord (8.0.0) lib/active_record/schema_migration.rb:54:in `create_table'
activerecord (8.0.0) lib/active_record/migration.rb:1431:in `initialize'
activerecord (8.0.0) lib/active_record/migration.rb:1279:in `new'
activerecord (8.0.0) lib/active_record/migration.rb:1279:in `open'
activerecord (8.0.0) lib/active_record/migration.rb:763:in `block (2 levels) in pending_migrations'
activerecord (8.0.0) lib/active_record/migration/pending_migration_connection.rb:8:in `with_temporary_pool'
activerecord (8.0.0) lib/active_record/migration.rb:762:in `block in pending_migrations'
activerecord (8.0.0) lib/active_record/migration.rb:761:in `each'
activerecord (8.0.0) lib/active_record/migration.rb:761:in `pending_migrations'
activerecord (8.0.0) lib/active_record/migration.rb:740:in `check_pending_migrations'
activerecord (8.0.0) lib/active_record/migration.rb:660:in `block (2 levels) in call'
activesupport (8.0.0) lib/active_support/file_update_checker.rb:85:in `execute'
activerecord (8.0.0) lib/active_record/migration.rb:665:in `block in call'
activerecord (8.0.0) lib/active_record/migration.rb:657:in `synchronize'
activerecord (8.0.0) lib/active_record/migration.rb:657:in `call'
actionpack (8.0.0) lib/action_dispatch/middleware/callbacks.rb:31:in `block in call'
activesupport (8.0.0) lib/active_support/callbacks.rb:100:in `run_callbacks'
actionpack (8.0.0) lib/action_dispatch/middleware/callbacks.rb:30:in `call'
actionpack (8.0.0) lib/action_dispatch/middleware/executor.rb:16:in `call'
actionpack (8.0.0) lib/action_dispatch/middleware/actionable_exceptions.rb:18:in `call'
actionpack (8.0.0) lib/action_dispatch/middleware/debug_exceptions.rb:31:in `call'
web-console (4.2.1) lib/web_console/middleware.rb:132:in `call_app'
web-console (4.2.1) lib/web_console/middleware.rb:28:in `block in call'
web-console (4.2.1) lib/web_console/middleware.rb:17:in `catch'
web-console (4.2.1) lib/web_console/middleware.rb:17:in `call'
actionpack (8.0.0) lib/action_dispatch/middleware/show_exceptions.rb:32:in `call'
railties (8.0.0) lib/rails/rack/logger.rb:41:in `call_app'
railties (8.0.0) lib/rails/rack/logger.rb:29:in `call'
actionpack (8.0.0) lib/action_dispatch/middleware/remote_ip.rb:96:in `call'
actionpack (8.0.0) lib/action_dispatch/middleware/request_id.rb:34:in `call'
rack (3.1.8) lib/rack/method_override.rb:28:in `call'
rack (3.1.8) lib/rack/runtime.rb:24:in `call'
actionpack (8.0.0) lib/action_dispatch/middleware/server_timing.rb:61:in `block in call'
actionpack (8.0.0) lib/action_dispatch/middleware/server_timing.rb:26:in `collect_events'
actionpack (8.0.0) lib/action_dispatch/middleware/server_timing.rb:60:in `call'
actionpack (8.0.0) lib/action_dispatch/middleware/executor.rb:16:in `call'
actionpack (8.0.0) lib/action_dispatch/middleware/static.rb:27:in `call'
rack (3.1.8) lib/rack/sendfile.rb:114:in `call'
actionpack (8.0.0) lib/action_dispatch/middleware/host_authorization.rb:143:in `call'
railties (8.0.0) lib/rails/engine.rb:535:in `call'
puma (6.5.0) lib/puma/configuration.rb:279:in `call'
puma (6.5.0) lib/puma/request.rb:99:in `block in handle_request'
puma (6.5.0) lib/puma/thread_pool.rb:389:in `with_force_shutdown'
puma (6.5.0) lib/puma/request.rb:98:in `handle_request'
puma (6.5.0) lib/puma/server.rb:468:in `process_client'
puma (6.5.0) lib/puma/server.rb:249:in `block in run'
puma (6.5.0) lib/puma/thread_pool.rb:166:in `block in spawn_thread'
  [1m[35mSQL (0.7ms)[0m  [1m[35mSET search_path TO public /*application='Superfast'*/[0m
  [1m[35m (382.2ms)[0m  [1m[35mCREATE DATABASE "superfast_development" ENCODING = 'unicode' /*application='Superfast'*/[0m
  [1m[35m (232.3ms)[0m  [1m[35mCREATE DATABASE "superfast_test" ENCODING = 'unicode' /*application='Superfast'*/[0m
  [1m[35mSQL (0.2ms)[0m  [1m[35mSET search_path TO public /*application='Superfast'*/[0m
  [1m[35m (116.0ms)[0m  [1m[35mCREATE DATABASE "superfast_development" ENCODING = 'unicode' /*application='Superfast'*/[0m
  [1m[35mSQL (0.1ms)[0m  [1m[35mSET search_path TO public /*application='Superfast'*/[0m
  [1m[35m (101.3ms)[0m  [1m[35mCREATE DATABASE "superfast_test" ENCODING = 'unicode' /*application='Superfast'*/[0m
Started GET "/" for ::1 at 2024-12-07 19:22:53 -0800
  [1m[36mActiveRecord::SchemaMigration Load (1.4ms)[0m  [1m[34mSELECT "schema_migrations"."version" FROM "schema_migrations" ORDER BY "schema_migrations"."version" ASC /*application='Superfast'*/[0m
Processing by Rails::WelcomeController#index as HTML
  Rendering C:/Ruby33-x64/lib/ruby/gems/3.3.0/gems/railties-8.0.0/lib/rails/templates/rails/welcome/index.html.erb
  Rendered C:/Ruby33-x64/lib/ruby/gems/3.3.0/gems/railties-8.0.0/lib/rails/templates/rails/welcome/index.html.erb (Duration: 1.0ms | GC: 0.0ms)
Completed 200 OK in 1243ms (Views: 7.2ms | ActiveRecord: 0.0ms (0 queries, 0 cached) | GC: 0.0ms)


